<?xml version="1.0" encoding="UTF-8"?>
<!-- Generated by org.testng.reporters.JUnitReportReporter -->
<testsuite hostname="Fadi" failures="0" tests="1" name="org.test.googlefinance.GoogleFinance" time="10.791" errors="0" timestamp="2023-09-29T07:45:47 PDT" skipped="0">
  <testcase classname="org.test.googlefinance.GoogleFinance" name="getLastGoogleFinance" time="10.791"/>
  <system-out/>
</testsuite> <!-- org.test.googlefinance.GoogleFinance -->
