<?xml version="1.0" encoding="UTF-8"?>
<!-- Generated by org.testng.reporters.JUnitReportReporter -->
<testsuite hostname="Fadi" failures="0" tests="1" name="org.test.googlefinance.FirefoxBrowser" time="12.566" errors="0" timestamp="2023-09-26T13:02:09 PDT" skipped="0">
  <testcase classname="org.test.googlefinance.FirefoxBrowser" name="getLastGoogleFinance" time="12.566"/>
  <system-out/>
</testsuite> <!-- org.test.googlefinance.FirefoxBrowser -->
