<?xml version="1.0" encoding="UTF-8"?>
<!-- Generated by org.testng.reporters.JUnitReportReporter -->
<testsuite hostname="Fadi" failures="0" tests="1" name="org.test.googlefinance.GOOGL" time="40.388" errors="0" timestamp="2023-09-26T19:30:13 PDT" skipped="0">
  <testcase classname="org.test.googlefinance.GOOGL" name="prevClosePrice" time="40.388"/>
  <system-out/>
</testsuite> <!-- org.test.googlefinance.GOOGL -->
